<?xml version="1.0" encoding="UTF-8"?>
<!-- Generated by org.testng.reporters.JUnitReportReporter -->
<testsuite hostname="LAPTOP-S0IS0QVR" failures="0" tests="3" name="testNG.Gmail" time="0.286" errors="0" timestamp="2023-07-27T09:30:17 IST" skipped="0">
  <testcase classname="testNG.Gmail" name="login" time="0.131"/>
  <system-out/>
  <testcase classname="testNG.Gmail" name="createaccount" time="0.078"/>
  <system-out/>
  <testcase classname="testNG.Gmail" name="logout" time="0.077"/>
  <system-out/>
</testsuite> <!-- testNG.Gmail -->
