<?xml version="1.0" encoding="UTF-8"?>
<!-- Generated by org.testng.reporters.JUnitReportReporter -->
<testsuite hostname="LAPTOP-S0IS0QVR" failures="0" tests="1" name="testNG.Alerts" time="3.089" errors="0" timestamp="2023-07-28T08:44:09 IST" skipped="0">
  <testcase classname="testNG.Alerts" name="clickAlert" time="3.089"/>
  <system-out/>
</testsuite> <!-- testNG.Alerts -->
